[debug] [2020-11-09T22:15:28.441Z] ----------------------------------------------------------------------
[debug] [2020-11-09T22:15:28.446Z] Command:       C:\Program Files\nodejs\node.exe C:\Users\Lenovo\AppData\Roaming\npm\node_modules\firebase-tools\lib\bin\firebase.js init
[debug] [2020-11-09T22:15:28.447Z] CLI Version:   8.15.1
[debug] [2020-11-09T22:15:28.447Z] Platform:      win32
[debug] [2020-11-09T22:15:28.447Z] Node Version:  v10.14.1
[debug] [2020-11-09T22:15:28.452Z] Time:          Mon Nov 09 2020 23:15:28 GMT+0100 (GMT+01:00)
[debug] [2020-11-09T22:15:28.452Z] ----------------------------------------------------------------------
[debug] [2020-11-09T22:15:28.453Z] 
[debug] [2020-11-09T22:15:28.477Z] > command requires scopes: ["email","openid","https://www.googleapis.com/auth/cloudplatformprojects.readonly","https://www.googleapis.com/auth/firebase","https://www.googleapis.com/auth/cloud-platform"]
[debug] [2020-11-09T22:15:28.478Z] > authorizing via signed-in user
[info] 
     ######## #### ########  ######## ########     ###     ######  ########
     ##        ##  ##     ## ##       ##     ##  ##   ##  ##       ##
     ######    ##  ########  ######   ########  #########  ######  ######
     ##        ##  ##    ##  ##       ##     ## ##     ##       ## ##
     ##       #### ##     ## ######## ########  ##     ##  ######  ########

You're about to initialize a Firebase project in this directory:

  C:\Users\Lenovo\Documents\Angular\revision-angular\librairy

Before we get started, keep in mind:

  * You are initializing in an existing Firebase project directory

